<?xml version="1.0" encoding="UTF-8"?>
<testsuite xmlns:xsi="http://www.w3.org/2001/XMLSchema-instance" xsi:noNamespaceSchemaLocation="https://maven.apache.org/surefire/maven-surefire-plugin/xsd/surefire-test-report.xsd" name="TestSuite" time="5.262" tests="3" errors="0" skipped="2" failures="1">
  <properties>
    <property name="java.specification.version" value="15"/>
    <property name="sun.jnu.encoding" value="UTF-8"/>
    <property name="java.class.path" value="/home/norayr/code/tests-winners-bet/target/test-classes:/home/norayr/code/tests-winners-bet/target/classes:/home/norayr/.m2/repository/com/epam/reportportal/agent-java-testng/4.2.1/agent-java-testng-4.2.1.jar:/home/norayr/.m2/repository/com/epam/reportportal/client-java/4.0.10/client-java-4.0.10.jar:/home/norayr/.m2/repository/io/reactivex/rxjava2/rxjava/2.1.16/rxjava-2.1.16.jar:/home/norayr/.m2/repository/org/reactivestreams/reactive-streams/1.0.2/reactive-streams-1.0.2.jar:/home/norayr/.m2/repository/org/apache/tika/tika-core/1.4/tika-core-1.4.jar:/home/norayr/.m2/repository/com/epam/reportportal/commons-model/4.2.0/commons-model-4.2.0.jar:/home/norayr/.m2/repository/io/swagger/swagger-annotations/1.5.13/swagger-annotations-1.5.13.jar:/home/norayr/.m2/repository/javax/validation/validation-api/1.1.0.Final/validation-api-1.1.0.Final.jar:/home/norayr/.m2/repository/org/aeonbits/owner/owner/1.0.12/owner-1.0.12.jar:/home/norayr/.m2/repository/com/epam/reportportal/logger-java-log4j/5.0.3/logger-java-log4j-5.0.3.jar:/home/norayr/.m2/repository/log4j/log4j/1.2.17/log4j-1.2.17.jar:/home/norayr/.m2/repository/org/apache/logging/log4j/log4j-api/2.13.0/log4j-api-2.13.0.jar:/home/norayr/.m2/repository/com/epam/reportportal/logger-java-logback/5.0.3/logger-java-logback-5.0.3.jar:/home/norayr/.m2/repository/ch/qos/logback/logback-classic/1.2.3/logback-classic-1.2.3.jar:/home/norayr/.m2/repository/ch/qos/logback/logback-core/1.2.3/logback-core-1.2.3.jar:/home/norayr/.m2/repository/win/automation/web-automation-core/0.1/web-automation-core-0.1.jar:/home/norayr/.m2/repository/org/seleniumhq/selenium/selenium-java/3.14.0/selenium-java-3.14.0.jar:/home/norayr/.m2/repository/org/seleniumhq/selenium/selenium-api/3.14.0/selenium-api-3.14.0.jar:/home/norayr/.m2/repository/org/seleniumhq/selenium/selenium-chrome-driver/3.14.0/selenium-chrome-driver-3.14.0.jar:/home/norayr/.m2/repository/org/seleniumhq/selenium/selenium-edge-driver/3.14.0/selenium-edge-driver-3.14.0.jar:/home/norayr/.m2/repository/org/seleniumhq/selenium/selenium-firefox-driver/3.14.0/selenium-firefox-driver-3.14.0.jar:/home/norayr/.m2/repository/org/seleniumhq/selenium/selenium-ie-driver/3.14.0/selenium-ie-driver-3.14.0.jar:/home/norayr/.m2/repository/org/seleniumhq/selenium/selenium-opera-driver/3.14.0/selenium-opera-driver-3.14.0.jar:/home/norayr/.m2/repository/org/seleniumhq/selenium/selenium-remote-driver/3.14.0/selenium-remote-driver-3.14.0.jar:/home/norayr/.m2/repository/org/seleniumhq/selenium/selenium-safari-driver/3.14.0/selenium-safari-driver-3.14.0.jar:/home/norayr/.m2/repository/org/seleniumhq/selenium/selenium-support/3.14.0/selenium-support-3.14.0.jar:/home/norayr/.m2/repository/net/bytebuddy/byte-buddy/1.8.15/byte-buddy-1.8.15.jar:/home/norayr/.m2/repository/org/apache/commons/commons-exec/1.3/commons-exec-1.3.jar:/home/norayr/.m2/repository/commons-codec/commons-codec/1.10/commons-codec-1.10.jar:/home/norayr/.m2/repository/commons-logging/commons-logging/1.2/commons-logging-1.2.jar:/home/norayr/.m2/repository/com/google/guava/guava/25.0-jre/guava-25.0-jre.jar:/home/norayr/.m2/repository/com/google/code/findbugs/jsr305/1.3.9/jsr305-1.3.9.jar:/home/norayr/.m2/repository/org/checkerframework/checker-compat-qual/2.0.0/checker-compat-qual-2.0.0.jar:/home/norayr/.m2/repository/com/google/errorprone/error_prone_annotations/2.1.3/error_prone_annotations-2.1.3.jar:/home/norayr/.m2/repository/com/google/j2objc/j2objc-annotations/1.1/j2objc-annotations-1.1.jar:/home/norayr/.m2/repository/org/codehaus/mojo/animal-sniffer-annotations/1.14/animal-sniffer-annotations-1.14.jar:/home/norayr/.m2/repository/org/apache/httpcomponents/httpclient/4.5.5/httpclient-4.5.5.jar:/home/norayr/.m2/repository/org/apache/httpcomponents/httpcore/4.4.9/httpcore-4.4.9.jar:/home/norayr/.m2/repository/com/squareup/okhttp3/okhttp/3.10.0/okhttp-3.10.0.jar:/home/norayr/.m2/repository/com/squareup/okio/okio/1.14.1/okio-1.14.1.jar:/home/norayr/.m2/repository/org/testng/testng/6.14.3/testng-6.14.3.jar:/home/norayr/.m2/repository/com/beust/jcommander/1.72/jcommander-1.72.jar:/home/norayr/.m2/repository/org/apache-extras/beanshell/bsh/2.0b6/bsh-2.0b6.jar:/home/norayr/.m2/repository/ru/yandex/qatools/ashot/ashot/1.5.4/ashot-1.5.4.jar:/home/norayr/.m2/repository/commons-io/commons-io/2.5/commons-io-2.5.jar:/home/norayr/.m2/repository/com/google/code/gson/gson/2.6.2/gson-2.6.2.jar:/home/norayr/.m2/repository/org/hamcrest/hamcrest-core/1.3/hamcrest-core-1.3.jar:/home/norayr/.m2/repository/io/github/bonigarcia/webdrivermanager/4.3.1/webdrivermanager-4.3.1.jar:/home/norayr/.m2/repository/org/slf4j/slf4j-api/1.7.30/slf4j-api-1.7.30.jar:/home/norayr/.m2/repository/org/apache/commons/commons-lang3/3.11/commons-lang3-3.11.jar:/home/norayr/.m2/repository/org/apache/httpcomponents/client5/httpclient5/5.0.3/httpclient5-5.0.3.jar:/home/norayr/.m2/repository/org/apache/httpcomponents/core5/httpcore5/5.0.2/httpcore5-5.0.2.jar:/home/norayr/.m2/repository/org/apache/httpcomponents/core5/httpcore5-h2/5.0.2/httpcore5-h2-5.0.2.jar:/home/norayr/.m2/repository/org/rauschig/jarchivelib/1.1.0/jarchivelib-1.1.0.jar:/home/norayr/.m2/repository/org/apache/commons/commons-compress/1.20/commons-compress-1.20.jar:/home/norayr/.m2/repository/org/jsoup/jsoup/1.13.1/jsoup-1.13.1.jar:/home/norayr/.m2/repository/org/apache/logging/log4j/log4j-core/2.11.1/log4j-core-2.11.1.jar:/home/norayr/.m2/repository/com/fasterxml/jackson/core/jackson-databind/2.9.8/jackson-databind-2.9.8.jar:/home/norayr/.m2/repository/com/fasterxml/jackson/core/jackson-annotations/2.9.0/jackson-annotations-2.9.0.jar:/home/norayr/.m2/repository/com/fasterxml/jackson/core/jackson-core/2.9.8/jackson-core-2.9.8.jar:/home/norayr/.m2/repository/org/sonatype/sisu/sisu-guice/3.1.0/sisu-guice-3.1.0.jar:/home/norayr/.m2/repository/javax/inject/javax.inject/1/javax.inject-1.jar:/home/norayr/.m2/repository/aopalliance/aopalliance/1.0/aopalliance-1.0.jar:/home/norayr/.m2/repository/org/sonatype/sisu/sisu-guava/0.9.9/sisu-guava-0.9.9.jar:/home/norayr/.m2/repository/org/apache/maven/surefire/surefire-testng-utils/2.22.0/surefire-testng-utils-2.22.0.jar:/home/norayr/.m2/repository/org/apache/maven/surefire/surefire-grouper/2.22.0/surefire-grouper-2.22.0.jar:"/>
    <property name="java.vm.vendor" value="Oracle Corporation"/>
    <property name="sun.arch.data.model" value="64"/>
    <property name="java.vendor.url" value="https://java.oracle.com/"/>
    <property name="os.name" value="Linux"/>
    <property name="java.vm.specification.version" value="15"/>
    <property name="sun.java.launcher" value="SUN_STANDARD"/>
    <property name="user.country" value="US"/>
    <property name="sun.boot.library.path" value="/usr/lib/jvm/java-15-oracle/lib"/>
    <property name="sun.java.command" value="/home/norayr/code/tests-winners-bet/target/surefire/surefirebooter14586913666592813046.jar /home/norayr/code/tests-winners-bet/target/surefire 2021-03-31T11-23-06_075-jvmRun1 surefire9729954326885310598tmp surefire_014950602153797311262tmp"/>
    <property name="jdk.debug" value="release"/>
    <property name="surefire.test.class.path" value="/home/norayr/code/tests-winners-bet/target/test-classes:/home/norayr/code/tests-winners-bet/target/classes:/home/norayr/.m2/repository/com/epam/reportportal/agent-java-testng/4.2.1/agent-java-testng-4.2.1.jar:/home/norayr/.m2/repository/com/epam/reportportal/client-java/4.0.10/client-java-4.0.10.jar:/home/norayr/.m2/repository/io/reactivex/rxjava2/rxjava/2.1.16/rxjava-2.1.16.jar:/home/norayr/.m2/repository/org/reactivestreams/reactive-streams/1.0.2/reactive-streams-1.0.2.jar:/home/norayr/.m2/repository/org/apache/tika/tika-core/1.4/tika-core-1.4.jar:/home/norayr/.m2/repository/com/epam/reportportal/commons-model/4.2.0/commons-model-4.2.0.jar:/home/norayr/.m2/repository/io/swagger/swagger-annotations/1.5.13/swagger-annotations-1.5.13.jar:/home/norayr/.m2/repository/javax/validation/validation-api/1.1.0.Final/validation-api-1.1.0.Final.jar:/home/norayr/.m2/repository/org/aeonbits/owner/owner/1.0.12/owner-1.0.12.jar:/home/norayr/.m2/repository/com/epam/reportportal/logger-java-log4j/5.0.3/logger-java-log4j-5.0.3.jar:/home/norayr/.m2/repository/log4j/log4j/1.2.17/log4j-1.2.17.jar:/home/norayr/.m2/repository/org/apache/logging/log4j/log4j-api/2.13.0/log4j-api-2.13.0.jar:/home/norayr/.m2/repository/com/epam/reportportal/logger-java-logback/5.0.3/logger-java-logback-5.0.3.jar:/home/norayr/.m2/repository/ch/qos/logback/logback-classic/1.2.3/logback-classic-1.2.3.jar:/home/norayr/.m2/repository/ch/qos/logback/logback-core/1.2.3/logback-core-1.2.3.jar:/home/norayr/.m2/repository/win/automation/web-automation-core/0.1/web-automation-core-0.1.jar:/home/norayr/.m2/repository/org/seleniumhq/selenium/selenium-java/3.14.0/selenium-java-3.14.0.jar:/home/norayr/.m2/repository/org/seleniumhq/selenium/selenium-api/3.14.0/selenium-api-3.14.0.jar:/home/norayr/.m2/repository/org/seleniumhq/selenium/selenium-chrome-driver/3.14.0/selenium-chrome-driver-3.14.0.jar:/home/norayr/.m2/repository/org/seleniumhq/selenium/selenium-edge-driver/3.14.0/selenium-edge-driver-3.14.0.jar:/home/norayr/.m2/repository/org/seleniumhq/selenium/selenium-firefox-driver/3.14.0/selenium-firefox-driver-3.14.0.jar:/home/norayr/.m2/repository/org/seleniumhq/selenium/selenium-ie-driver/3.14.0/selenium-ie-driver-3.14.0.jar:/home/norayr/.m2/repository/org/seleniumhq/selenium/selenium-opera-driver/3.14.0/selenium-opera-driver-3.14.0.jar:/home/norayr/.m2/repository/org/seleniumhq/selenium/selenium-remote-driver/3.14.0/selenium-remote-driver-3.14.0.jar:/home/norayr/.m2/repository/org/seleniumhq/selenium/selenium-safari-driver/3.14.0/selenium-safari-driver-3.14.0.jar:/home/norayr/.m2/repository/org/seleniumhq/selenium/selenium-support/3.14.0/selenium-support-3.14.0.jar:/home/norayr/.m2/repository/net/bytebuddy/byte-buddy/1.8.15/byte-buddy-1.8.15.jar:/home/norayr/.m2/repository/org/apache/commons/commons-exec/1.3/commons-exec-1.3.jar:/home/norayr/.m2/repository/commons-codec/commons-codec/1.10/commons-codec-1.10.jar:/home/norayr/.m2/repository/commons-logging/commons-logging/1.2/commons-logging-1.2.jar:/home/norayr/.m2/repository/com/google/guava/guava/25.0-jre/guava-25.0-jre.jar:/home/norayr/.m2/repository/com/google/code/findbugs/jsr305/1.3.9/jsr305-1.3.9.jar:/home/norayr/.m2/repository/org/checkerframework/checker-compat-qual/2.0.0/checker-compat-qual-2.0.0.jar:/home/norayr/.m2/repository/com/google/errorprone/error_prone_annotations/2.1.3/error_prone_annotations-2.1.3.jar:/home/norayr/.m2/repository/com/google/j2objc/j2objc-annotations/1.1/j2objc-annotations-1.1.jar:/home/norayr/.m2/repository/org/codehaus/mojo/animal-sniffer-annotations/1.14/animal-sniffer-annotations-1.14.jar:/home/norayr/.m2/repository/org/apache/httpcomponents/httpclient/4.5.5/httpclient-4.5.5.jar:/home/norayr/.m2/repository/org/apache/httpcomponents/httpcore/4.4.9/httpcore-4.4.9.jar:/home/norayr/.m2/repository/com/squareup/okhttp3/okhttp/3.10.0/okhttp-3.10.0.jar:/home/norayr/.m2/repository/com/squareup/okio/okio/1.14.1/okio-1.14.1.jar:/home/norayr/.m2/repository/org/testng/testng/6.14.3/testng-6.14.3.jar:/home/norayr/.m2/repository/com/beust/jcommander/1.72/jcommander-1.72.jar:/home/norayr/.m2/repository/org/apache-extras/beanshell/bsh/2.0b6/bsh-2.0b6.jar:/home/norayr/.m2/repository/ru/yandex/qatools/ashot/ashot/1.5.4/ashot-1.5.4.jar:/home/norayr/.m2/repository/commons-io/commons-io/2.5/commons-io-2.5.jar:/home/norayr/.m2/repository/com/google/code/gson/gson/2.6.2/gson-2.6.2.jar:/home/norayr/.m2/repository/org/hamcrest/hamcrest-core/1.3/hamcrest-core-1.3.jar:/home/norayr/.m2/repository/io/github/bonigarcia/webdrivermanager/4.3.1/webdrivermanager-4.3.1.jar:/home/norayr/.m2/repository/org/slf4j/slf4j-api/1.7.30/slf4j-api-1.7.30.jar:/home/norayr/.m2/repository/org/apache/commons/commons-lang3/3.11/commons-lang3-3.11.jar:/home/norayr/.m2/repository/org/apache/httpcomponents/client5/httpclient5/5.0.3/httpclient5-5.0.3.jar:/home/norayr/.m2/repository/org/apache/httpcomponents/core5/httpcore5/5.0.2/httpcore5-5.0.2.jar:/home/norayr/.m2/repository/org/apache/httpcomponents/core5/httpcore5-h2/5.0.2/httpcore5-h2-5.0.2.jar:/home/norayr/.m2/repository/org/rauschig/jarchivelib/1.1.0/jarchivelib-1.1.0.jar:/home/norayr/.m2/repository/org/apache/commons/commons-compress/1.20/commons-compress-1.20.jar:/home/norayr/.m2/repository/org/jsoup/jsoup/1.13.1/jsoup-1.13.1.jar:/home/norayr/.m2/repository/org/apache/logging/log4j/log4j-core/2.11.1/log4j-core-2.11.1.jar:/home/norayr/.m2/repository/com/fasterxml/jackson/core/jackson-databind/2.9.8/jackson-databind-2.9.8.jar:/home/norayr/.m2/repository/com/fasterxml/jackson/core/jackson-annotations/2.9.0/jackson-annotations-2.9.0.jar:/home/norayr/.m2/repository/com/fasterxml/jackson/core/jackson-core/2.9.8/jackson-core-2.9.8.jar:/home/norayr/.m2/repository/org/sonatype/sisu/sisu-guice/3.1.0/sisu-guice-3.1.0.jar:/home/norayr/.m2/repository/javax/inject/javax.inject/1/javax.inject-1.jar:/home/norayr/.m2/repository/aopalliance/aopalliance/1.0/aopalliance-1.0.jar:/home/norayr/.m2/repository/org/sonatype/sisu/sisu-guava/0.9.9/sisu-guava-0.9.9.jar:/home/norayr/.m2/repository/org/apache/maven/surefire/surefire-testng-utils/2.22.0/surefire-testng-utils-2.22.0.jar:/home/norayr/.m2/repository/org/apache/maven/surefire/surefire-grouper/2.22.0/surefire-grouper-2.22.0.jar:"/>
    <property name="sun.cpu.endian" value="little"/>
    <property name="user.home" value="/home/norayr"/>
    <property name="user.language" value="en"/>
    <property name="java.specification.vendor" value="Oracle Corporation"/>
    <property name="java.version.date" value="2020-10-20"/>
    <property name="java.home" value="/usr/lib/jvm/java-15-oracle"/>
    <property name="file.separator" value="/"/>
    <property name="basedir" value="/home/norayr/code/tests-winners-bet"/>
    <property name="java.vm.compressedOopsMode" value="Zero based"/>
    <property name="line.separator" value="&#10;"/>
    <property name="java.vm.specification.vendor" value="Oracle Corporation"/>
    <property name="java.specification.name" value="Java Platform API Specification"/>
    <property name="surefire.real.class.path" value="/home/norayr/code/tests-winners-bet/target/surefire/surefirebooter14586913666592813046.jar"/>
    <property name="sun.management.compiler" value="HotSpot 64-Bit Tiered Compilers"/>
    <property name="java.runtime.version" value="15.0.1+9-18"/>
    <property name="user.name" value="norayr"/>
    <property name="path.separator" value=":"/>
    <property name="os.version" value="5.4.0-70-generic"/>
    <property name="java.runtime.name" value="Java(TM) SE Runtime Environment"/>
    <property name="file.encoding" value="UTF-8"/>
    <property name="java.vm.name" value="Java HotSpot(TM) 64-Bit Server VM"/>
    <property name="localRepository" value="/home/norayr/.m2/repository"/>
    <property name="java.vendor.url.bug" value="https://bugreport.java.com/bugreport/"/>
    <property name="java.io.tmpdir" value="/tmp"/>
    <property name="java.version" value="15.0.1"/>
    <property name="user.dir" value="/home/norayr/code/tests-winners-bet"/>
    <property name="os.arch" value="amd64"/>
    <property name="java.vm.specification.name" value="Java Virtual Machine Specification"/>
    <property name="java.library.path" value="/usr/java/packages/lib:/usr/lib64:/lib64:/lib:/usr/lib"/>
    <property name="java.vm.info" value="mixed mode, sharing"/>
    <property name="java.vendor" value="Oracle Corporation"/>
    <property name="java.vm.version" value="15.0.1+9-18"/>
    <property name="sun.io.unicode.encoding" value="UnicodeLittle"/>
    <property name="java.class.version" value="59.0"/>
  </properties>
  <testcase name="setup" classname="tests.profile.staging.SetRealityCheck" time="0.922">
    <failure message="java.lang.NullPointerException: Cannot invoke &quot;String.equals(Object)&quot; because the return value of &quot;config.AppConfig.getEnvironment()&quot; is null" type="java.lang.RuntimeException">java.lang.RuntimeException: java.lang.NullPointerException: Cannot invoke "String.equals(Object)" because the return value of "config.AppConfig.getEnvironment()" is null
Caused by: java.lang.NullPointerException: Cannot invoke "String.equals(Object)" because the return value of "config.AppConfig.getEnvironment()" is null
</failure>
    <system-out><![CDATA[11:23:06.997 [main] INFO com.epam.reportportal.service.Launch - Not rerun!
11:23:07.425 [TestNG-tests-1] WARN  utils.Log - BASE_URLnull
11:23:07.429 [TestNG-tests-1] WARN  utils.Log - ENVIRONMENT_NAME null
]]></system-out>
    <system-err><![CDATA[log4j:WARN No appenders could be found for logger (rp.org.apache.http.client.protocol.RequestAddCookies).
log4j:WARN Please initialize the log4j system properly.
log4j:WARN See http://logging.apache.org/log4j/1.2/faq.html#noconfig for more info.
]]></system-err>
  </testcase>
  <testcase name="setRealityCheck" classname="tests.profile.staging.SetRealityCheck" time="0">
    <skipped message="java.lang.NullPointerException: Cannot invoke &quot;String.equals(Object)&quot; because the return value of &quot;config.AppConfig.getEnvironment()&quot; is null"/>
    <system-out><![CDATA[11:23:07.444 [TestNG-tests-1] INFO  utils.Log - ## setRealityCheck test method skipped.
]]></system-out>
  </testcase>
  <testcase name="screenShot" classname="tests.profile.staging.SetRealityCheck" time="0">
    <skipped/>
  </testcase>
</testsuite>