<?xml version="1.0" encoding="UTF-8"?>
<!-- Generated by org.testng.reporters.JUnitReportReporter -->
<testsuite hostname="nantonya1120" failures="0" tests="2" name="tests.profile.staging.SetRealityCheck" time="0.305" errors="1" timestamp="31 Mar 2021 07:23:07 GMT" skipped="1">
  <testcase classname="tests.profile.staging.SetRealityCheck" name="setup" time="0.305">
    <error message="java.lang.NullPointerException: Cannot invoke &quot;String.equals(Object)&quot; because the return value of &quot;config.AppConfig.getEnvironment()&quot; is null" type="java.lang.RuntimeException">
      <![CDATA[java.lang.RuntimeException: java.lang.NullPointerException: Cannot invoke "String.equals(Object)" because the return value of "config.AppConfig.getEnvironment()" is null
at helper.Factory.createWebDriver(Factory.java:34)
at tests.BaseTest.setup(BaseTest.java:65)
at java.base/jdk.internal.reflect.NativeMethodAccessorImpl.invoke0(Native Method)
at java.base/jdk.internal.reflect.NativeMethodAccessorImpl.invoke(NativeMethodAccessorImpl.java:64)
at java.base/jdk.internal.reflect.DelegatingMethodAccessorImpl.invoke(DelegatingMethodAccessorImpl.java:43)
at java.base/java.lang.reflect.Method.invoke(Method.java:564)
at org.testng.internal.MethodInvocationHelper.invokeMethod(MethodInvocationHelper.java:124)
at org.testng.internal.MethodInvocationHelper.invokeMethodConsideringTimeout(MethodInvocationHelper.java:59)
at org.testng.internal.Invoker.invokeConfigurationMethod(Invoker.java:458)
at org.testng.internal.Invoker.invokeConfigurations(Invoker.java:222)
at org.testng.internal.Invoker.invokeConfigurations(Invoker.java:142)
at org.testng.internal.TestMethodWorker.invokeBeforeClassMethods(TestMethodWorker.java:168)
at org.testng.internal.TestMethodWorker.run(TestMethodWorker.java:105)
at org.testng.TestRunner.privateRun(TestRunner.java:648)
at org.testng.TestRunner.run(TestRunner.java:505)
at org.testng.SuiteRunner.runTest(SuiteRunner.java:455)
at org.testng.SuiteRunner.access$000(SuiteRunner.java:40)
at org.testng.SuiteRunner$SuiteWorker.run(SuiteRunner.java:489)
at org.testng.internal.thread.ThreadUtil$1.call(ThreadUtil.java:52)
at java.base/java.util.concurrent.FutureTask.run(FutureTask.java:264)
at java.base/java.util.concurrent.ThreadPoolExecutor.runWorker(ThreadPoolExecutor.java:1130)
at java.base/java.util.concurrent.ThreadPoolExecutor$Worker.run(ThreadPoolExecutor.java:630)
at java.base/java.lang.Thread.run(Thread.java:832)
Caused by: java.lang.NullPointerException: Cannot invoke "String.equals(Object)" because the return value of "config.AppConfig.getEnvironment()" is null
at helper.Factory.createWebDriver(Factory.java:21)
... 22 more
]]>
    </error>
  </testcase> <!-- setup -->
  <testcase classname="tests.profile.staging.SetRealityCheck" name="setRealityCheck" time="0.000">
    <skipped/>
  </testcase> <!-- setRealityCheck -->
</testsuite> <!-- tests.profile.staging.SetRealityCheck -->
